# JRE version: OpenJDK Runtime Environment (8.0_242-b01) (build 1.8.0_242-release-1644-b01)
# Java VM: OpenJDK 64-Bit Server VM (25.242-b01 mixed mode windows-amd64 compressed oops)
Heap:
 PSYoungGen      total 425472K, used 259346K [0x00000000e0000000, 0x00000000ffd00000, 0x0000000100000000)
  eden space 334848K, 73% used [0x00000000e0000000,0x00000000ef1b2570,0x00000000f4700000)
  from space 90624K, 17% used [0x00000000f4700000,0x00000000f56b0590,0x00000000f9f80000)
  to   space 87040K, 0% used [0x00000000fa800000,0x00000000fa800000,0x00000000ffd00000)
 ParOldGen       total 284672K, used 210866K [0x00000000a0000000, 0x00000000b1600000, 0x00000000e0000000)
  object space 284672K, 74% used [0x00000000a0000000,0x00000000acdecb80,0x00000000b1600000)
 Metaspace       used 98745K, capacity 105555K, committed 105752K, reserved 1140736K
  class space    used 12405K, capacity 13543K, committed 13592K, reserved 1048576K
GC Heap History (10 events):
Event: 12066.070 GC heap before
{Heap before GC invocations=36 (full 5):
 PSYoungGen      total 409600K, used 409583K [0x00000000e0000000, 0x0000000100000000, 0x0000000100000000)
  eden space 326656K, 100% used [0x00000000e0000000,0x00000000f3f00000,0x00000000f3f00000)
  from space 82944K, 99% used [0x00000000faf00000,0x00000000ffffbe58,0x0000000100000000)
  to   space 98816K, 0% used [0x00000000f3f00000,0x00000000f3f00000,0x00000000f9f80000)
 ParOldGen       total 284672K, used 210154K [0x00000000a0000000, 0x00000000b1600000, 0x00000000e0000000)
  object space 284672K, 73% used [0x00000000a0000000,0x00000000acd3abb8,0x00000000b1600000)
 Metaspace       used 93819K, capacity 100435K, committed 100760K, reserved 1136640K
  class space    used 11917K, capacity 13019K, committed 13208K, reserved 1048576K
Event: 12066.084 GC heap after
Heap after GC invocations=36 (full 5):
 PSYoungGen      total 425472K, used 15075K [0x00000000e0000000, 0x0000000100000000, 0x0000000100000000)
  eden space 326656K, 0% used [0x00000000e0000000,0x00000000e0000000,0x00000000f3f00000)
  from space 98816K, 15% used [0x00000000f3f00000,0x00000000f4db8ed8,0x00000000f9f80000)
  to   space 97280K, 0% used [0x00000000fa100000,0x00000000fa100000,0x0000000100000000)
 ParOldGen       total 284672K, used 210642K [0x00000000a0000000, 0x00000000b1600000, 0x00000000e0000000)
  object space 284672K, 73% used [0x00000000a0000000,0x00000000acdb4a48,0x00000000b1600000)
 Metaspace       used 93819K, capacity 100435K, committed 100760K, reserved 1136640K
  class space    used 11917K, capacity 13019K, committed 13208K, reserved 1048576K
}
Event: 12183.004 GC heap before
{Heap before GC invocations=37 (full 5):
 PSYoungGen      total 425472K, used 341731K [0x00000000e0000000, 0x0000000100000000, 0x0000000100000000)
  eden space 326656K, 100% used [0x00000000e0000000,0x00000000f3f00000,0x00000000f3f00000)
  from space 98816K, 15% used [0x00000000f3f00000,0x00000000f4db8ed8,0x00000000f9f80000)
  to   space 97280K, 0% used [0x00000000fa100000,0x00000000fa100000,0x0000000100000000)
 ParOldGen       total 284672K, used 210642K [0x00000000a0000000, 0x00000000b1600000, 0x00000000e0000000)
  object space 284672K, 73% used [0x00000000a0000000,0x00000000acdb4a48,0x00000000b1600000)
 Metaspace       used 93938K, capacity 100659K, committed 101016K, reserved 1136640K
  class space    used 11919K, capacity 13051K, committed 13208K, reserved 1048576K
Event: 12183.285 GC heap after
Heap after GC invocations=37 (full 5):
 PSYoungGen      total 420864K, used 11113K [0x00000000e0000000, 0x00000000ffb80000, 0x0000000100000000)
  eden space 328192K, 0% used [0x00000000e0000000,0x00000000e0000000,0x00000000f4080000)
  from space 92672K, 11% used [0x00000000fa100000,0x00000000fabda720,0x00000000ffb80000)
  to   space 95744K, 0% used [0x00000000f4080000,0x00000000f4080000,0x00000000f9e00000)
 ParOldGen       total 284672K, used 210842K [0x00000000a0000000, 0x00000000b1600000, 0x00000000e0000000)
  object space 284672K, 74% used [0x00000000a0000000,0x00000000acde6b80,0x00000000b1600000)
 Metaspace       used 93938K, capacity 100659K, committed 101016K, reserved 1136640K
  class space    used 11919K, capacity 13051K, committed 13208K, reserved 1048576K
}
Event: 12606.538 GC heap before
{Heap before GC invocations=38 (full 5):
 PSYoungGen      total 420864K, used 339305K [0x00000000e0000000, 0x00000000ffb80000, 0x0000000100000000)
  eden space 328192K, 100% used [0x00000000e0000000,0x00000000f4080000,0x00000000f4080000)
  from space 92672K, 11% used [0x00000000fa100000,0x00000000fabda720,0x00000000ffb80000)
  to   space 95744K, 0% used [0x00000000f4080000,0x00000000f4080000,0x00000000f9e00000)
 ParOldGen       total 284672K, used 210842K [0x00000000a0000000, 0x00000000b1600000, 0x00000000e0000000)
  object space 284672K, 74% used [0x00000000a0000000,0x00000000acde6b80,0x00000000b1600000)
 Metaspace       used 94009K, capacity 100723K, committed 101016K, reserved 1136640K
  class space    used 11922K, capacity 13051K, committed 13208K, reserved 1048576K
Event: 12606.971 GC heap after
Heap after GC invocations=38 (full 5):
 PSYoungGen      total 423936K, used 11657K [0x00000000e0000000, 0x00000000fff00000, 0x0000000100000000)
  eden space 328192K, 0% used [0x00000000e0000000,0x00000000e0000000,0x00000000f4080000)
  from space 95744K, 12% used [0x00000000f4080000,0x00000000f4be2730,0x00000000f9e00000)
  to   space 93696K, 0% used [0x00000000fa380000,0x00000000fa380000,0x00000000fff00000)
 ParOldGen       total 284672K, used 210850K [0x00000000a0000000, 0x00000000b1600000, 0x00000000e0000000)
  object space 284672K, 74% used [0x00000000a0000000,0x00000000acde8b80,0x00000000b1600000)
 Metaspace       used 94009K, capacity 100723K, committed 101016K, reserved 1136640K
  class space    used 11922K, capacity 13051K, committed 13208K, reserved 1048576K
}
Event: 13166.068 GC heap before
{Heap before GC invocations=39 (full 5):
 PSYoungGen      total 423936K, used 339849K [0x00000000e0000000, 0x00000000fff00000, 0x0000000100000000)
  eden space 328192K, 100% used [0x00000000e0000000,0x00000000f4080000,0x00000000f4080000)
  from space 95744K, 12% used [0x00000000f4080000,0x00000000f4be2730,0x00000000f9e00000)
  to   space 93696K, 0% used [0x00000000fa380000,0x00000000fa380000,0x00000000fff00000)
 ParOldGen       total 284672K, used 210850K [0x00000000a0000000, 0x00000000b1600000, 0x00000000e0000000)
  object space 284672K, 74% used [0x00000000a0000000,0x00000000acde8b80,0x00000000b1600000)
 Metaspace       used 94452K, capacity 101151K, committed 101528K, reserved 1138688K
  class space    used 11954K, capacity 13073K, committed 13208K, reserved 1048576K
Event: 13166.632 GC heap after
Heap after GC invocations=39 (full 5):
 PSYoungGen      total 421376K, used 13210K [0x00000000e0000000, 0x00000000ff800000, 0x0000000100000000)
  eden space 334848K, 0% used [0x00000000e0000000,0x00000000e0000000,0x00000000f4700000)
  from space 86528K, 15% used [0x00000000fa380000,0x00000000fb066960,0x00000000ff800000)
  to   space 90624K, 0% used [0x00000000f4700000,0x00000000f4700000,0x00000000f9f80000)
 ParOldGen       total 284672K, used 210858K [0x00000000a0000000, 0x00000000b1600000, 0x00000000e0000000)
  object space 284672K, 74% used [0x00000000a0000000,0x00000000acdeab80,0x00000000b1600000)
 Metaspace       used 94452K, capacity 101151K, committed 101528K, reserved 1138688K
  class space    used 11954K, capacity 13073K, committed 13208K, reserved 1048576K
}
Event: 13214.005 GC heap before
{Heap before GC invocations=40 (full 5):
 PSYoungGen      total 421376K, used 348058K [0x00000000e0000000, 0x00000000ff800000, 0x0000000100000000)
  eden space 334848K, 100% used [0x00000000e0000000,0x00000000f4700000,0x00000000f4700000)
  from space 86528K, 15% used [0x00000000fa380000,0x00000000fb066960,0x00000000ff800000)
  to   space 90624K, 0% used [0x00000000f4700000,0x00000000f4700000,0x00000000f9f80000)
 ParOldGen       total 284672K, used 210858K [0x00000000a0000000, 0x00000000b1600000, 0x00000000e0000000)
  object space 284672K, 74% used [0x00000000a0000000,0x00000000acdeab80,0x00000000b1600000)
 Metaspace       used 97890K, capacity 104695K, committed 104984K, reserved 1140736K
  class space    used 12314K, capacity 13453K, committed 13592K, reserved 1048576K
Event: 13214.449 GC heap after
Heap after GC invocations=40 (full 5):
 PSYoungGen      total 425472K, used 16065K [0x00000000e0000000, 0x00000000ffd00000, 0x0000000100000000)
  eden space 334848K, 0% used [0x00000000e0000000,0x00000000e0000000,0x00000000f4700000)
  from space 90624K, 17% used [0x00000000f4700000,0x00000000f56b0590,0x00000000f9f80000)
  to   space 87040K, 0% used [0x00000000fa800000,0x00000000fa800000,0x00000000ffd00000)
 ParOldGen       total 284672K, used 210866K [0x00000000a0000000, 0x00000000b1600000, 0x00000000e0000000)
  object space 284672K, 74% used [0x00000000a0000000,0x00000000acdecb80,0x00000000b1600000)
 Metaspace       used 97890K, capacity 104695K, committed 104984K, reserved 1140736K
  class space    used 12314K, capacity 13453K, committed 13592K, reserved 1048576K
}

